-------------------------------------------------------------------------------
Test set: InventoryPageTest
-------------------------------------------------------------------------------
Tests run: 4, Failures: 1, Errors: 0, Skipped: 0, Time elapsed: 44.241 s <<< FAILURE! - in InventoryPageTest
sideBar(InventoryPageTest)  Time elapsed: 10.517 s  <<< FAILURE!
java.lang.AssertionError
	at InventoryPageTest.sideBar(InventoryPageTest.java:41)

